[INFO] Scanning for projects...
[INFO] 
[INFO] --------------------------< com.linkbit:mvp >---------------------------
[INFO] Building mvp 0.0.1-SNAPSHOT
[INFO]   from pom.xml
[INFO] --------------------------------[ jar ]---------------------------------
[INFO] 
[INFO] >>> spring-boot:3.2.3:run (default-cli) > test-compile @ mvp >>>
[INFO] 
[INFO] --- resources:3.3.1:resources (default-resources) @ mvp ---
[INFO] Copying 2 resources from src\main\resources to target\classes
[INFO] Copying 25 resources from src\main\resources to target\classes
[INFO] 
[INFO] --- compiler:3.11.0:compile (default-compile) @ mvp ---
[INFO] Nothing to compile - all classes are up to date
[INFO] 
[INFO] --- resources:3.3.1:testResources (default-testResources) @ mvp ---
[INFO] Copying 1 resource from src\test\resources to target\test-classes
[INFO] 
[INFO] --- compiler:3.11.0:testCompile (default-testCompile) @ mvp ---
[INFO] Nothing to compile - all classes are up to date
[INFO] 
[INFO] <<< spring-boot:3.2.3:run (default-cli) < test-compile @ mvp <<<
[INFO] 
[INFO] 
[INFO] --- spring-boot:3.2.3:run (default-cli) @ mvp ---
[INFO] Attaching agents: []

  .   ____          _            __ _ _
 /\\ / ___'_ __ _ _(_)_ __  __ _ \ \ \ \
( ( )\___ | '_ | '_| | '_ \/ _` | \ \ \ \
 \\/  ___)| |_)| | | | | || (_| |  ) ) ) )
  '  |____| .__|_| |_|_| |_\__, | / / / /
 =========|_|==============|___/=/_/_/_/
 :: Spring Boot ::                (v3.2.3)

2026-03-26T00:35:12.580+05:30  INFO 69952 --- [LinkbitMVP] [  restartedMain] com.linkbit.mvp.MvpApplication           : Starting MvpApplication using Java 21 with PID 69952 (D:\LB\mvp\target\classes started by Aksha in D:\LB\mvp)
2026-03-26T00:35:12.582+05:30  INFO 69952 --- [LinkbitMVP] [  restartedMain] com.linkbit.mvp.MvpApplication           : No active profile set, falling back to 1 default profile: "default"
2026-03-26T00:35:12.621+05:30  INFO 69952 --- [LinkbitMVP] [  restartedMain] .e.DevToolsPropertyDefaultsPostProcessor : Devtools property defaults active! Set 'spring.devtools.add-properties' to 'false' to disable
2026-03-26T00:35:13.376+05:30  INFO 69952 --- [LinkbitMVP] [  restartedMain] .s.d.r.c.RepositoryConfigurationDelegate : Bootstrapping Spring Data JPA repositories in DEFAULT mode.
2026-03-26T00:35:13.452+05:30  INFO 69952 --- [LinkbitMVP] [  restartedMain] .s.d.r.c.RepositoryConfigurationDelegate : Finished Spring Data repository scanning in 71 ms. Found 18 JPA repository interfaces.
2026-03-26T00:35:14.054+05:30  INFO 69952 --- [LinkbitMVP] [  restartedMain] o.s.b.w.embedded.tomcat.TomcatWebServer  : Tomcat initialized with port 8080 (http)
2026-03-26T00:35:14.065+05:30  INFO 69952 --- [LinkbitMVP] [  restartedMain] o.apache.catalina.core.StandardService   : Starting service [Tomcat]
2026-03-26T00:35:14.065+05:30  INFO 69952 --- [LinkbitMVP] [  restartedMain] o.apache.catalina.core.StandardEngine    : Starting Servlet engine: [Apache Tomcat/10.1.19]
2026-03-26T00:35:14.114+05:30  INFO 69952 --- [LinkbitMVP] [  restartedMain] o.a.c.c.C.[Tomcat].[localhost].[/]       : Initializing Spring embedded WebApplicationContext
2026-03-26T00:35:14.114+05:30  INFO 69952 --- [LinkbitMVP] [  restartedMain] w.s.c.ServletWebServerApplicationContext : Root WebApplicationContext: initialization completed in 1493 ms
2026-03-26T00:35:14.147+05:30  INFO 69952 --- [LinkbitMVP] [  restartedMain] com.zaxxer.hikari.HikariDataSource       : HikariPool-1 - Starting...
2026-03-26T00:35:14.330+05:30  INFO 69952 --- [LinkbitMVP] [  restartedMain] com.zaxxer.hikari.pool.HikariPool        : HikariPool-1 - Added connection conn0: url=jdbc:h2:file:./data/linkbitdb user=SA
2026-03-26T00:35:14.332+05:30  INFO 69952 --- [LinkbitMVP] [  restartedMain] com.zaxxer.hikari.HikariDataSource       : HikariPool-1 - Start completed.
2026-03-26T00:35:14.334+05:30  INFO 69952 --- [LinkbitMVP] [  restartedMain] o.s.b.a.h2.H2ConsoleAutoConfiguration    : H2 console available at '/h2-console'. Database available at 'jdbc:h2:file:./data/linkbitdb'
2026-03-26T00:35:14.435+05:30  INFO 69952 --- [LinkbitMVP] [  restartedMain] o.f.c.internal.license.VersionPrinter    : Flyway Community Edition 9.22.3 by Redgate
2026-03-26T00:35:14.435+05:30  INFO 69952 --- [LinkbitMVP] [  restartedMain] o.f.c.internal.license.VersionPrinter    : See release notes here: https://rd.gt/416ObMi
2026-03-26T00:35:14.435+05:30  INFO 69952 --- [LinkbitMVP] [  restartedMain] o.f.c.internal.license.VersionPrinter    : 
2026-03-26T00:35:14.470+05:30  INFO 69952 --- [LinkbitMVP] [  restartedMain] org.flywaydb.core.FlywayExecutor         : Database: jdbc:h2:file:./data/linkbitdb (H2 2.2)
2026-03-26T00:35:14.481+05:30  WARN 69952 --- [LinkbitMVP] [  restartedMain] o.f.c.internal.database.base.Database    : Flyway upgrade recommended: H2 2.2.224 is newer than this version of Flyway and support has not been tested. The latest supported version of H2 is 2.2.220.
2026-03-26T00:35:14.492+05:30  INFO 69952 --- [LinkbitMVP] [  restartedMain] o.f.c.i.s.JdbcTableSchemaHistory         : Creating Schema History table "PUBLIC"."flyway_schema_history" ...
2026-03-26T00:35:14.533+05:30  INFO 69952 --- [LinkbitMVP] [  restartedMain] o.f.core.internal.command.DbMigrate      : Current version of schema "PUBLIC": << Empty Schema >>
2026-03-26T00:35:14.538+05:30  INFO 69952 --- [LinkbitMVP] [  restartedMain] o.f.core.internal.command.DbMigrate      : Migrating schema "PUBLIC" to version "1 - Create user and kyc tables"
2026-03-26T00:35:14.552+05:30  INFO 69952 --- [LinkbitMVP] [  restartedMain] o.f.core.internal.command.DbMigrate      : Migrating schema "PUBLIC" to version "2 - Create loan offers and loans tables"
2026-03-26T00:35:14.568+05:30  INFO 69952 --- [LinkbitMVP] [  restartedMain] o.f.core.internal.command.DbMigrate      : Migrating schema "PUBLIC" to version "3 - Create negotiation and update loans"
2026-03-26T00:35:14.615+05:30  INFO 69952 --- [LinkbitMVP] [  restartedMain] o.f.core.internal.command.DbMigrate      : Migrating schema "PUBLIC" to version "4 - Create platform fees table"
2026-03-26T00:35:14.627+05:30  INFO 69952 --- [LinkbitMVP] [  restartedMain] o.f.core.internal.command.DbMigrate      : Migrating schema "PUBLIC" to version "5 - Create escrow and bitcoin transactions"
2026-03-26T00:35:14.634+05:30  INFO 69952 --- [LinkbitMVP] [  restartedMain] o.f.core.internal.command.DbMigrate      : Migrating schema "PUBLIC" to version "6 - Add fiat disbursement fields"
2026-03-26T00:35:14.660+05:30  INFO 69952 --- [LinkbitMVP] [  restartedMain] o.f.core.internal.command.DbMigrate      : Migrating schema "PUBLIC" to version "7 - Create repayment and ledger tables"
2026-03-26T00:35:14.678+05:30  INFO 69952 --- [LinkbitMVP] [  restartedMain] o.f.core.internal.command.DbMigrate      : Migrating schema "PUBLIC" to version "8 - Add ltv monitoring fields"
2026-03-26T00:35:14.694+05:30  INFO 69952 --- [LinkbitMVP] [  restartedMain] o.f.core.internal.command.DbMigrate      : Migrating schema "PUBLIC" to version "9 - Create margin call history"
2026-03-26T00:35:14.698+05:30  INFO 69952 --- [LinkbitMVP] [  restartedMain] o.f.core.internal.command.DbMigrate      : Migrating schema "PUBLIC" to version "10 - Add liquidation fields"
2026-03-26T00:35:14.713+05:30  INFO 69952 --- [LinkbitMVP] [  restartedMain] o.f.core.internal.command.DbMigrate      : Migrating schema "PUBLIC" to version "11 - Create loan liquidations"
2026-03-26T00:35:14.713+05:30  INFO 69952 --- [LinkbitMVP] [  restartedMain] o.f.core.internal.command.DbMigrate      : Migrating schema "PUBLIC" to version "12 - Create collateral releases"
2026-03-26T00:35:14.732+05:30  INFO 69952 --- [LinkbitMVP] [  restartedMain] o.f.core.internal.command.DbMigrate      : Migrating schema "PUBLIC" to version "13 - Update ledger entry types"
2026-03-26T00:35:14.735+05:30  INFO 69952 --- [LinkbitMVP] [  restartedMain] o.f.core.internal.command.DbMigrate      : Migrating schema "PUBLIC" to version "15 - Add admin account"
2026-03-26T00:35:14.735+05:30  INFO 69952 --- [LinkbitMVP] [  restartedMain] o.f.core.internal.command.DbMigrate      : Migrating schema "PUBLIC" to version "16 - Align story contract and chat"
2026-03-26T00:35:14.745+05:30  INFO 69952 --- [LinkbitMVP] [  restartedMain] o.f.core.internal.command.DbMigrate      : Migrating schema "PUBLIC" to version "17 - Create loan audit log table"
2026-03-26T00:35:14.748+05:30  INFO 69952 --- [LinkbitMVP] [  restartedMain] o.f.core.internal.command.DbMigrate      : Migrating schema "PUBLIC" to version "18 - Add version to loans"
2026-03-26T00:35:14.752+05:30  INFO 69952 --- [LinkbitMVP] [  restartedMain] o.f.core.internal.command.DbMigrate      : Migrating schema "PUBLIC" to version "19 - Add missing columns to users"
2026-03-26T00:35:14.758+05:30  INFO 69952 --- [LinkbitMVP] [  restartedMain] o.f.core.internal.command.DbMigrate      : Migrating schema "PUBLIC" to version "20 - Seed test users"
2026-03-26T00:35:14.763+05:30  INFO 69952 --- [LinkbitMVP] [  restartedMain] o.f.core.internal.command.DbMigrate      : Migrating schema "PUBLIC" to version "21 - Add missing loan columns"
2026-03-26T00:35:14.763+05:30  INFO 69952 --- [LinkbitMVP] [  restartedMain] o.f.core.internal.command.DbMigrate      : Migrating schema "PUBLIC" to version "22 - Create notifications and tokens"
2026-03-26T00:35:14.774+05:30  INFO 69952 --- [LinkbitMVP] [  restartedMain] o.f.core.internal.command.DbMigrate      : Migrating schema "PUBLIC" to version "23 - Add finalization flags to loans"
2026-03-26T00:35:14.784+05:30  INFO 69952 --- [LinkbitMVP] [  restartedMain] o.f.core.internal.command.DbMigrate      : Migrating schema "PUBLIC" to version "25 - Cleanup non admin data"
2026-03-26T00:35:14.784+05:30  INFO 69952 --- [LinkbitMVP] [  restartedMain] o.f.core.internal.command.DbMigrate      : Migrating schema "PUBLIC" to version "26 - Standardize user roles"
2026-03-26T00:35:14.790+05:30  INFO 69952 --- [LinkbitMVP] [  restartedMain] o.f.core.internal.command.DbMigrate      : Migrating schema "PUBLIC" to version "27 - Add payer role to platform fees"
2026-03-26T00:35:14.796+05:30  INFO 69952 --- [LinkbitMVP] [  restartedMain] o.f.core.internal.command.DbMigrate      : Successfully applied 25 migrations to schema "PUBLIC", now at version v27 (execution time 00:00.169s)
2026-03-26T00:35:14.853+05:30  INFO 69952 --- [LinkbitMVP] [  restartedMain] o.hibernate.jpa.internal.util.LogHelper  : HHH000204: Processing PersistenceUnitInfo [name: default]
2026-03-26T00:35:14.896+05:30  INFO 69952 --- [LinkbitMVP] [  restartedMain] org.hibernate.Version                    : HHH000412: Hibernate ORM core version 6.4.4.Final
2026-03-26T00:35:14.916+05:30  INFO 69952 --- [LinkbitMVP] [  restartedMain] o.h.c.internal.RegionFactoryInitiator    : HHH000026: Second-level cache disabled
2026-03-26T00:35:15.125+05:30  INFO 69952 --- [LinkbitMVP] [  restartedMain] o.s.o.j.p.SpringPersistenceUnitInfo      : No LoadTimeWeaver setup: ignoring JPA class transformer
2026-03-26T00:35:15.178+05:30  WARN 69952 --- [LinkbitMVP] [  restartedMain] org.hibernate.orm.deprecation            : HHH90000025: H2Dialect does not need to be specified explicitly using 'hibernate.dialect' (remove the property setting and it will be selected by default)
2026-03-26T00:35:16.263+05:30  INFO 69952 --- [LinkbitMVP] [  restartedMain] o.h.e.t.j.p.i.JtaPlatformInitiator       : HHH000489: No JTA platform available (set 'hibernate.transaction.jta.platform' to enable JTA platform integration)
2026-03-26T00:35:16.285+05:30  INFO 69952 --- [LinkbitMVP] [  restartedMain] j.LocalContainerEntityManagerFactoryBean : Initialized JPA EntityManagerFactory for persistence unit 'default'
2026-03-26T00:35:16.698+05:30  INFO 69952 --- [LinkbitMVP] [  restartedMain] o.s.d.j.r.query.QueryEnhancerFactory     : Hibernate is in classpath; If applicable, HQL parser will be used.
2026-03-26T00:35:17.863+05:30  WARN 69952 --- [LinkbitMVP] [  restartedMain] JpaBaseConfiguration$JpaWebConfiguration : spring.jpa.open-in-view is enabled by default. Therefore, database queries may be performed during view rendering. Explicitly configure spring.jpa.open-in-view to disable this warning
2026-03-26T00:35:18.111+05:30  INFO 69952 --- [LinkbitMVP] [  restartedMain] o.s.s.web.DefaultSecurityFilterChain     : Will secure any request with [org.springframework.security.web.session.DisableEncodeUrlFilter@37f6ac8e, org.springframework.security.web.context.request.async.WebAsyncManagerIntegrationFilter@38e61ebf, org.springframework.security.web.context.SecurityContextHolderFilter@655dca3d, org.springframework.security.web.header.HeaderWriterFilter@7e14bb5a, org.springframework.web.filter.CorsFilter@42416c18, org.springframework.security.web.authentication.logout.LogoutFilter@25f0030a, com.linkbit.mvp.config.JwtAuthenticationFilter@4547edec, org.springframework.security.web.savedrequest.RequestCacheAwareFilter@7802978e, org.springframework.security.web.servletapi.SecurityContextHolderAwareRequestFilter@58c2a936, org.springframework.security.web.authentication.AnonymousAuthenticationFilter@e024bd1, org.springframework.security.web.session.SessionManagementFilter@3b0e917c, org.springframework.security.web.access.ExceptionTranslationFilter@181e91f7, org.springframework.security.web.access.intercept.AuthorizationFilter@b409bf4]
2026-03-26T00:35:18.488+05:30  INFO 69952 --- [LinkbitMVP] [  restartedMain] o.s.b.d.a.OptionalLiveReloadServer       : LiveReload server is running on port 35729
2026-03-26T00:35:18.526+05:30  INFO 69952 --- [LinkbitMVP] [  restartedMain] o.s.b.w.embedded.tomcat.TomcatWebServer  : Tomcat started on port 8080 (http) with context path ''
2026-03-26T00:35:18.526+05:30  INFO 69952 --- [LinkbitMVP] [  restartedMain] o.s.m.s.b.SimpleBrokerMessageHandler     : Starting...
2026-03-26T00:35:18.530+05:30  INFO 69952 --- [LinkbitMVP] [  restartedMain] o.s.m.s.b.SimpleBrokerMessageHandler     : BrokerAvailabilityEvent[available=true, SimpleBrokerMessageHandler [org.springframework.messaging.simp.broker.DefaultSubscriptionRegistry@6e36b911]]
2026-03-26T00:35:18.530+05:30  INFO 69952 --- [LinkbitMVP] [  restartedMain] o.s.m.s.b.SimpleBrokerMessageHandler     : Started.
2026-03-26T00:35:18.538+05:30  INFO 69952 --- [LinkbitMVP] [  restartedMain] com.linkbit.mvp.MvpApplication           : Started MvpApplication in 6.241 seconds (process running for 6.801)
2026-03-26T00:35:18.547+05:30  INFO 69952 --- [LinkbitMVP] [MessageBroker-2] c.linkbit.mvp.service.LoanTimeoutWorker  : Starting stuck loan timeout check...
2026-03-26T00:36:18.504+05:30  INFO 69952 --- [LinkbitMVP] [MessageBroker-3] o.s.w.s.c.WebSocketMessageBrokerStats    : WebSocketSession[0 current WS(0)-HttpStream(0)-HttpPoll(0), 0 total, 0 closed abnormally (0 connect failure, 0 send limit, 0 transport error)], stompSubProtocol[processed CONNECT(0)-CONNECTED(0)-DISCONNECT(0)], stompBrokerRelay[null], inboundChannel[pool size = 0, active threads = 0, queued tasks = 0, completed tasks = 0], outboundChannel[pool size = 0, active threads = 0, queued tasks = 0, completed tasks = 0], sockJsScheduler[pool size = 9, active threads = 1, queued tasks = 3, completed tasks = 5]
2026-03-26T00:37:54.412+05:30  INFO 69952 --- [LinkbitMVP] [ionShutdownHook] o.s.m.s.b.SimpleBrokerMessageHandler     : Stopping...
2026-03-26T00:37:54.413+05:30  INFO 69952 --- [LinkbitMVP] [ionShutdownHook] o.s.m.s.b.SimpleBrokerMessageHandler     : BrokerAvailabilityEvent[available=false, SimpleBrokerMessageHandler [org.springframework.messaging.simp.broker.DefaultSubscriptionRegistry@6e36b911]]
2026-03-26T00:37:54.413+05:30  INFO 69952 --- [LinkbitMVP] [ionShutdownHook] o.s.m.s.b.SimpleBrokerMessageHandler     : Stopped.
2026-03-26T00:37:54.423+05:30  INFO 69952 --- [LinkbitMVP] [ionShutdownHook] j.LocalContainerEntityManagerFactoryBean : Closing JPA EntityManagerFactory for persistence unit 'default'
2026-03-26T00:37:54.428+05:30  INFO 69952 --- [LinkbitMVP] [ionShutdownHook] com.zaxxer.hikari.HikariDataSource       : HikariPool-1 - Shutdown initiated...
2026-03-26T00:37:54.430+05:30  INFO 69952 --- [LinkbitMVP] [ionShutdownHook] com.zaxxer.hikari.HikariDataSource       : HikariPool-1 - Shutdown completed.
[INFO] ------------------------------------------------------------------------
[INFO] BUILD SUCCESS
[INFO] ------------------------------------------------------------------------
[INFO] Total time:  02:45 min
[INFO] Finished at: 2026-03-26T00:37:54+05:30
[INFO] ------------------------------------------------------------------------
Terminate batch job (Y/N)? 